  DlgNarcissisticNumbers.cpp
D:\编程\C++\Factorizer\Factorizer\GUI\Factorizer\Factorizer\Factorizer.h(17,2): warning C4091: “extern ”: 没有声明变量时忽略“languages”的左侧
D:\编程\C++\Factorizer\Factorizer\GUI\Factorizer\Factorizer\DlgNarcissisticNumbers.cpp(110,16): warning C4267: “=”: 从“size_t”转换到“int”，可能丢失数据
  Factorizer.cpp
D:\编程\C++\Factorizer\Factorizer\GUI\Factorizer\Factorizer\Factorizer.h(17,2): warning C4091: “extern ”: 没有声明变量时忽略“languages”的左侧
  FactorizerDlg.cpp
D:\编程\C++\Factorizer\Factorizer\GUI\Factorizer\Factorizer\Factorizer.h(17,2): warning C4091: “extern ”: 没有声明变量时忽略“languages”的左侧
D:\编程\C++\Factorizer\Factorizer\GUI\Factorizer\Factorizer\FactorizerDlg.cpp(424,60): warning C4267: “参数”: 从“size_t”转换到“int”，可能丢失数据
D:\编程\C++\Factorizer\Factorizer\GUI\Factorizer\Factorizer\FactorizerDlg.cpp(447,60): warning C4267: “参数”: 从“size_t”转换到“int”，可能丢失数据
  GCDLCMDlg.cpp
D:\编程\C++\Factorizer\Factorizer\GUI\Factorizer\Factorizer\Factorizer.h(17,2): warning C4091: “extern ”: 没有声明变量时忽略“languages”的左侧
  SettingsDlg.cpp
D:\编程\C++\Factorizer\Factorizer\GUI\Factorizer\Factorizer\Factorizer.h(17,2): warning C4091: “extern ”: 没有声明变量时忽略“languages”的左侧
  functions.cpp
D:\编程\C++\Factorizer\Factorizer\GUI\Factorizer\Factorizer\functions.cpp(42,28): warning C4244: “参数”: 从“ull”转换到“double”，可能丢失数据
Factorizer.obj : error LNK2005: "unsigned __int64 const * const primes" (?primes@@3QB_KB) 已经在 DlgNarcissisticNumbers.obj 中定义
FactorizerDlg.obj : error LNK2005: "unsigned __int64 const * const primes" (?primes@@3QB_KB) 已经在 DlgNarcissisticNumbers.obj 中定义
functions.obj : error LNK2005: "unsigned __int64 const * const primes" (?primes@@3QB_KB) 已经在 DlgNarcissisticNumbers.obj 中定义
GCDLCMDlg.obj : error LNK2005: "unsigned __int64 const * const primes" (?primes@@3QB_KB) 已经在 DlgNarcissisticNumbers.obj 中定义
SettingsDlg.obj : error LNK2005: "unsigned __int64 const * const primes" (?primes@@3QB_KB) 已经在 DlgNarcissisticNumbers.obj 中定义
D:\编程\C++\Factorizer\Factorizer\GUI\Factorizer\x64\Release\Factorizer.exe : fatal error LNK1169: 找到一个或多个多重定义的符号
